9 Disable 1rag1 type parameters (Recommended)
13 Disable Ragexe Filename Check (Recommended)
15 Disable HShield (Recommended)
19 Enable Title Bar Menu
24 Fix Camera Angles (Recommended)
31 Increase Zoom Out 75%
33 Always Call SelectKoreaClientInfo() (Recommended)
34 Enable /showname (Recommended)
35 Read Data Folder First
36 Read msgstringtable.txt (Recommended)
37 Read questid2display.txt (Recommended)
38 Remove Gravity Ads (Recommended)
39 Remove Gravity Logo (Recommended)
40 Restore Login Window (Recommended)
41 Disable Nagle Algorithm (Recommended)
44 Translate Client (Recommended)
47 Use Ragnarok Icon
48 Use Plain Text Descriptions (Recommended)
49 Enable Multiple GRFs (Recommended)
53 Use Ascii on All Langtypes (Recommended)
64 @ Bug Fix (Recommended)
73 Remove Hourly Announce (Recommended)
74 Increase Screenshot Quality
213 Disable Help Message on Login (Recommended)
84 Remove Serial Display (Recommended)
90 Enable DNS Support (Recommended)
97 Cancel to Login Window (Recommended)
